iBeauty2/app/build/intermediates/manifest_merge_blame_file/debug/manifest-merger-blame-debug-report.txt
1<?xml version="1.0" encoding="utf-8"?>
2<manifest xmlns:android="http://schemas.android.com/apk/res/android"
3    package="com.example.ibeauty_app"
4    android:versionCode="1"
5    android:versionName="1.0" >
6
7    <uses-sdk
8        android:minSdkVersion="23"
8-->src\main\AndroidManifest.xml
9        android:targetSdkVersion="30" />
9-->src\main\AndroidManifest.xml
10
11    <uses-permission android:name="android.permission.INTERNET" />
11-->src\main\AndroidManifest.xml:5:5-66
11-->src\main\AndroidManifest.xml:5:22-64
12    <uses-permission android:name="android.permission.ACCESS_NETWORK_STATE" />
12-->[com.google.firebase:firebase-auth:20.0.4] AndroidManifest.xml:24:5-79
12-->[com.google.firebase:firebase-auth:20.0.4] AndroidManifest.xml:24:22-76
13    <uses-permission android:name="com.google.android.finsky.permission.BIND_GET_INSTALL_REFERRER_SERVICE" />
13-->[com.android.installreferrer:installreferrer:1.0] AndroidManifest.xml:9:5-110
13-->[com.android.installreferrer:installreferrer:1.0] AndroidManifest.xml:9:22-107
14
15    <application
15-->src\main\AndroidManifest.xml:7:5-49:19
16        android:allowBackup="true"
16-->src\main\AndroidManifest.xml:8:9-35
17        android:appComponentFactory="androidx.core.app.CoreComponentFactory"
17-->[androidx.core:core:1.3.1] AndroidManifest.xml:24:18-86
18        android:debuggable="true"
19        android:extractNativeLibs="false"
20        android:icon="@mipmap/ic_launcher"
20-->src\main\AndroidManifest.xml:9:9-43
21        android:label="@string/app_name"
21-->src\main\AndroidManifest.xml:10:9-41
22        android:roundIcon="@mipmap/ic_launcher_round"
22-->src\main\AndroidManifest.xml:11:9-54
23        android:supportsRtl="true"
23-->src\main\AndroidManifest.xml:12:9-35
24        android:testOnly="true"
25        android:theme="@style/Theme.IBeauty_App" >
25-->src\main\AndroidManifest.xml:13:9-49
26        <activity android:name="com.example.ibeauty.intro.WelcomeActivity" >
26-->src\main\AndroidManifest.xml:15:9-21:20
26-->src\main\AndroidManifest.xml:15:19-75
27            <intent-filter>
27-->src\main\AndroidManifest.xml:16:13-20:29
28                <action android:name="android.intent.action.MAIN" />
28-->src\main\AndroidManifest.xml:17:17-69
28-->src\main\AndroidManifest.xml:17:25-66
29
30                <category android:name="android.intent.category.LAUNCHER" />
30-->src\main\AndroidManifest.xml:19:17-77
30-->src\main\AndroidManifest.xml:19:27-74
31            </intent-filter>
32        </activity>
33        <activity android:name="com.example.ibeauty.ProfileActivity" />
33-->src\main\AndroidManifest.xml:22:9-71
33-->src\main\AndroidManifest.xml:22:19-69
34        <activity android:name="com.example.ibeauty.login.SignUpActivity" />
34-->src\main\AndroidManifest.xml:23:9-76
34-->src\main\AndroidManifest.xml:23:19-74
35        <activity android:name="com.example.ibeauty.login.SignInActivity" />
35-->src\main\AndroidManifest.xml:24:9-76
35-->src\main\AndroidManifest.xml:24:19-74
36        <activity android:name="com.example.ibeauty.home.HomeActivity" />
36-->src\main\AndroidManifest.xml:25:9-54
36-->src\main\AndroidManifest.xml:25:19-52
37        <activity android:name="com.example.ibeauty.ProductDetail" />
37-->src\main\AndroidManifest.xml:26:9-50
37-->src\main\AndroidManifest.xml:26:19-48
38        <activity android:name="com.example.ibeauty.value.AllProduct" />
38-->src\main\AndroidManifest.xml:27:9-53
38-->src\main\AndroidManifest.xml:27:19-51
39        <activity android:name="com.example.ibeauty.ShoppingBag" />
39-->src\main\AndroidManifest.xml:28:9-48
39-->src\main\AndroidManifest.xml:28:19-46
40
41        <meta-data
41-->src\main\AndroidManifest.xml:31:9-33:57
42            android:name="preloaded_fonts"
42-->src\main\AndroidManifest.xml:32:13-43
43            android:resource="@array/preloaded_fonts" />
43-->src\main\AndroidManifest.xml:33:13-54
44        <meta-data
44-->src\main\AndroidManifest.xml:35:9-36:54
45            android:name="com.facebook.sdk.ApplicationId"
45-->src\main\AndroidManifest.xml:35:20-65
46            android:value="@string/facebook_app_id" />
46-->src\main\AndroidManifest.xml:36:13-52
47
48        <activity
48-->src\main\AndroidManifest.xml:37:9-40:48
49            android:name="com.facebook.FacebookActivity"
49-->src\main\AndroidManifest.xml:38:13-57
50            android:configChanges="keyboard|keyboardHidden|screenLayout|screenSize|orientation"
50-->src\main\AndroidManifest.xml:39:13-97
51            android:label="@string/app_name"
51-->src\main\AndroidManifest.xml:40:13-45
52            android:theme="@style/com_facebook_activity_theme" />
52-->[com.facebook.android:facebook-common:5.15.3] AndroidManifest.xml:33:13-63
53        <activity
53-->src\main\AndroidManifest.xml:41:9-47:37
54            android:name="com.facebook.CustomTabActivity"
54-->src\main\AndroidManifest.xml:41:19-64
55            android:exported="true" >
55-->src\main\AndroidManifest.xml:42:13-36
56            <intent-filter>
56-->src\main\AndroidManifest.xml:42:38-47:25
57                <action android:name="android.intent.action.VIEW" />
57-->src\main\AndroidManifest.xml:42:54-43:57
57-->src\main\AndroidManifest.xml:43:13-54
58
59                <category android:name="android.intent.category.DEFAULT" />
59-->src\main\AndroidManifest.xml:44:13-72
59-->src\main\AndroidManifest.xml:44:23-69
60                <category android:name="android.intent.category.BROWSABLE" />
60-->src\main\AndroidManifest.xml:45:13-74
60-->src\main\AndroidManifest.xml:45:23-71
61
62                <data android:scheme="@string/fb_login_protocol_scheme" />
62-->src\main\AndroidManifest.xml:46:13-71
62-->src\main\AndroidManifest.xml:46:19-68
63            </intent-filter>
64            <intent-filter>
64-->[com.facebook.android:facebook-common:5.15.3] AndroidManifest.xml:39:13-48:29
65                <action android:name="android.intent.action.VIEW" />
65-->src\main\AndroidManifest.xml:42:54-43:57
65-->src\main\AndroidManifest.xml:43:13-54
66
67                <category android:name="android.intent.category.DEFAULT" />
67-->src\main\AndroidManifest.xml:44:13-72
67-->src\main\AndroidManifest.xml:44:23-69
68                <category android:name="android.intent.category.BROWSABLE" />
68-->src\main\AndroidManifest.xml:45:13-74
68-->src\main\AndroidManifest.xml:45:23-71
69
70                <data
70-->src\main\AndroidManifest.xml:46:13-71
71                    android:host="cct.com.example.ibeauty_app"
72                    android:scheme="fbconnect" />
72-->src\main\AndroidManifest.xml:46:19-68
73            </intent-filter>
74        </activity>
75        <activity android:name="com.facebook.CustomTabMainActivity" />
75-->[com.facebook.android:facebook-common:5.15.3] AndroidManifest.xml:34:9-71
75-->[com.facebook.android:facebook-common:5.15.3] AndroidManifest.xml:34:19-68
76        <activity
76-->[com.google.firebase:firebase-auth:20.0.4] AndroidManifest.xml:27:9-44:20
77            android:name="com.google.firebase.auth.internal.GenericIdpActivity"
77-->[com.google.firebase:firebase-auth:20.0.4] AndroidManifest.xml:28:13-80
78            android:excludeFromRecents="true"
78-->[com.google.firebase:firebase-auth:20.0.4] AndroidManifest.xml:29:13-46
79            android:exported="true"
79-->[com.google.firebase:firebase-auth:20.0.4] AndroidManifest.xml:30:13-36
80            android:launchMode="singleTask"
80-->[com.google.firebase:firebase-auth:20.0.4] AndroidManifest.xml:31:13-44
81            android:theme="@android:style/Theme.Translucent.NoTitleBar" >
81-->[com.google.firebase:firebase-auth:20.0.4] AndroidManifest.xml:32:13-72
82            <intent-filter>
82-->[com.google.firebase:firebase-auth:20.0.4] AndroidManifest.xml:33:13-43:29
83                <action android:name="android.intent.action.VIEW" />
83-->src\main\AndroidManifest.xml:42:54-43:57
83-->src\main\AndroidManifest.xml:43:13-54
84
85                <category android:name="android.intent.category.DEFAULT" />
85-->src\main\AndroidManifest.xml:44:13-72
85-->src\main\AndroidManifest.xml:44:23-69
86                <category android:name="android.intent.category.BROWSABLE" />
86-->src\main\AndroidManifest.xml:45:13-74
86-->src\main\AndroidManifest.xml:45:23-71
87
88                <data
88-->src\main\AndroidManifest.xml:46:13-71
89                    android:host="firebase.auth"
90                    android:path="/"
91                    android:scheme="genericidp" />
91-->src\main\AndroidManifest.xml:46:19-68
92            </intent-filter>
93        </activity>
94        <activity
94-->[com.google.firebase:firebase-auth:20.0.4] AndroidManifest.xml:45:9-62:20
95            android:name="com.google.firebase.auth.internal.RecaptchaActivity"
95-->[com.google.firebase:firebase-auth:20.0.4] AndroidManifest.xml:46:13-79
96            android:excludeFromRecents="true"
96-->[com.google.firebase:firebase-auth:20.0.4] AndroidManifest.xml:47:13-46
97            android:exported="true"
97-->[com.google.firebase:firebase-auth:20.0.4] AndroidManifest.xml:48:13-36
98            android:launchMode="singleTask"
98-->[com.google.firebase:firebase-auth:20.0.4] AndroidManifest.xml:49:13-44
99            android:theme="@android:style/Theme.Translucent.NoTitleBar" >
99-->[com.google.firebase:firebase-auth:20.0.4] AndroidManifest.xml:50:13-72
100            <intent-filter>
100-->[com.google.firebase:firebase-auth:20.0.4] AndroidManifest.xml:51:13-61:29
101                <action android:name="android.intent.action.VIEW" />
101-->src\main\AndroidManifest.xml:42:54-43:57
101-->src\main\AndroidManifest.xml:43:13-54
102
103                <category android:name="android.intent.category.DEFAULT" />
103-->src\main\AndroidManifest.xml:44:13-72
103-->src\main\AndroidManifest.xml:44:23-69
104                <category android:name="android.intent.category.BROWSABLE" />
104-->src\main\AndroidManifest.xml:45:13-74
104-->src\main\AndroidManifest.xml:45:23-71
105
106                <data
106-->src\main\AndroidManifest.xml:46:13-71
107                    android:host="firebase.auth"
108                    android:path="/"
109                    android:scheme="recaptcha" />
109-->src\main\AndroidManifest.xml:46:19-68
110            </intent-filter>
111        </activity>
112
113        <service
113-->[com.google.firebase:firebase-auth:20.0.4] AndroidManifest.xml:64:9-73:19
114            android:name="com.google.firebase.auth.api.fallback.service.FirebaseAuthFallbackService"
114-->[com.google.firebase:firebase-auth:20.0.4] AndroidManifest.xml:65:13-101
115            android:enabled="true"
115-->[com.google.firebase:firebase-auth:20.0.4] AndroidManifest.xml:66:13-35
116            android:exported="false" >
116-->[com.google.firebase:firebase-auth:20.0.4] AndroidManifest.xml:67:13-37
117            <intent-filter>
117-->[com.google.firebase:firebase-auth:20.0.4] AndroidManifest.xml:68:13-72:29
118                <action android:name="com.google.firebase.auth.api.gms.service.START" />
118-->[com.google.firebase:firebase-auth:20.0.4] AndroidManifest.xml:69:17-89
118-->[com.google.firebase:firebase-auth:20.0.4] AndroidManifest.xml:69:25-86
119
120                <category android:name="android.intent.category.DEFAULT" />
120-->src\main\AndroidManifest.xml:44:13-72
120-->src\main\AndroidManifest.xml:44:23-69
121            </intent-filter>
122        </service>
123        <service
123-->[com.google.firebase:firebase-auth:20.0.4] AndroidManifest.xml:74:9-80:19
124            android:name="com.google.firebase.components.ComponentDiscoveryService"
124-->[com.google.firebase:firebase-auth:20.0.4] AndroidManifest.xml:75:13-84
125            android:directBootAware="true"
125-->[com.google.firebase:firebase-common:19.5.0] AndroidManifest.xml:35:13-43
126            android:exported="false" >
126-->[com.google.firebase:firebase-auth:20.0.4] AndroidManifest.xml:76:13-37
127            <meta-data
127-->[com.google.firebase:firebase-auth:20.0.4] AndroidManifest.xml:77:13-79:85
128                android:name="com.google.firebase.components:com.google.firebase.auth.FirebaseAuthRegistrar"
128-->[com.google.firebase:firebase-auth:20.0.4] AndroidManifest.xml:78:17-109
129                android:value="com.google.firebase.components.ComponentRegistrar" />
129-->[com.google.firebase:firebase-auth:20.0.4] AndroidManifest.xml:79:17-82
130            <meta-data
130-->[com.google.firebase:firebase-database:19.7.0] AndroidManifest.xml:32:13-34:85
131                android:name="com.google.firebase.components:com.google.firebase.database.DatabaseRegistrar"
131-->[com.google.firebase:firebase-database:19.7.0] AndroidManifest.xml:33:17-109
132                android:value="com.google.firebase.components.ComponentRegistrar" />
132-->[com.google.firebase:firebase-database:19.7.0] AndroidManifest.xml:34:17-82
133            <!--
134                This registrar is not defined in the dynamic-module-support sdk itself to allow non-firebase
135                clients to use it as well, by defining this registrar in their own core/common library.
136            -->
137            <meta-data
137-->[com.google.firebase:firebase-common:19.5.0] AndroidManifest.xml:43:13-45:85
138                android:name="com.google.firebase.components:com.google.firebase.dynamicloading.DynamicLoadingRegistrar"
138-->[com.google.firebase:firebase-common:19.5.0] AndroidManifest.xml:44:17-121
139                android:value="com.google.firebase.components.ComponentRegistrar" />
139-->[com.google.firebase:firebase-common:19.5.0] AndroidManifest.xml:45:17-82
140        </service>
141
142        <activity
142-->[com.google.android.gms:play-services-auth:19.0.0] AndroidManifest.xml:23:9-27:75
143            android:name="com.google.android.gms.auth.api.signin.internal.SignInHubActivity"
143-->[com.google.android.gms:play-services-auth:19.0.0] AndroidManifest.xml:24:13-93
144            android:excludeFromRecents="true"
144-->[com.google.android.gms:play-services-auth:19.0.0] AndroidManifest.xml:25:13-46
145            android:exported="false"
145-->[com.google.android.gms:play-services-auth:19.0.0] AndroidManifest.xml:26:13-37
146            android:theme="@android:style/Theme.Translucent.NoTitleBar" />
146-->[com.google.android.gms:play-services-auth:19.0.0] AndroidManifest.xml:27:13-72
147        <!--
148            Service handling Google Sign-In user revocation. For apps that do not integrate with
149            Google Sign-In, this service will never be started.
150        -->
151        <service
151-->[com.google.android.gms:play-services-auth:19.0.0] AndroidManifest.xml:33:9-37:51
152            android:name="com.google.android.gms.auth.api.signin.RevocationBoundService"
152-->[com.google.android.gms:play-services-auth:19.0.0] AndroidManifest.xml:34:13-89
153            android:exported="true"
153-->[com.google.android.gms:play-services-auth:19.0.0] AndroidManifest.xml:35:13-36
154            android:permission="com.google.android.gms.auth.api.signin.permission.REVOCATION_NOTIFICATION"
154-->[com.google.android.gms:play-services-auth:19.0.0] AndroidManifest.xml:36:13-107
155            android:visibleToInstantApps="true" />
155-->[com.google.android.gms:play-services-auth:19.0.0] AndroidManifest.xml:37:13-48
156
157        <activity
157-->[com.google.android.gms:play-services-base:17.1.0] AndroidManifest.xml:23:9-26:75
158            android:name="com.google.android.gms.common.api.GoogleApiActivity"
158-->[com.google.android.gms:play-services-base:17.1.0] AndroidManifest.xml:24:13-79
159            android:exported="false"
159-->[com.google.android.gms:play-services-base:17.1.0] AndroidManifest.xml:25:13-37
160            android:theme="@android:style/Theme.Translucent.NoTitleBar" />
160-->[com.google.android.gms:play-services-base:17.1.0] AndroidManifest.xml:26:13-72
161
162        <provider
162-->[com.google.firebase:firebase-common:19.5.0] AndroidManifest.xml:26:9-31:39
163            android:name="com.google.firebase.provider.FirebaseInitProvider"
163-->[com.google.firebase:firebase-common:19.5.0] AndroidManifest.xml:27:13-77
164            android:authorities="com.example.ibeauty_app.firebaseinitprovider"
164-->[com.google.firebase:firebase-common:19.5.0] AndroidManifest.xml:28:13-72
165            android:directBootAware="true"
165-->[com.google.firebase:firebase-common:19.5.0] AndroidManifest.xml:29:13-43
166            android:exported="false"
166-->[com.google.firebase:firebase-common:19.5.0] AndroidManifest.xml:30:13-37
167            android:initOrder="100" />
167-->[com.google.firebase:firebase-common:19.5.0] AndroidManifest.xml:31:13-36
168
169        <meta-data
169-->[com.google.android.gms:play-services-basement:17.1.1] AndroidManifest.xml:23:9-25:69
170            android:name="com.google.android.gms.version"
170-->[com.google.android.gms:play-services-basement:17.1.1] AndroidManifest.xml:24:13-58
171            android:value="@integer/google_play_services_version" />
171-->[com.google.android.gms:play-services-basement:17.1.1] AndroidManifest.xml:25:13-66
172        <!--
173         The initialization ContentProvider will call FacebookSdk.sdkInitialize automatically
174         with the application context. This config is merged in with the host app's manifest,
175         but there can only be one provider with the same authority activated at any given
176         point; so if the end user has two or more different apps that use Facebook SDK, only the
177         first one will be able to use the provider. To work around this problem, we use the
178         following placeholder in the authority to identify each host application as if it was
179         a completely different provider.
180        -->
181        <provider
181-->[com.facebook.android:facebook-core:5.15.3] AndroidManifest.xml:39:9-42:40
182            android:name="com.facebook.internal.FacebookInitProvider"
182-->[com.facebook.android:facebook-core:5.15.3] AndroidManifest.xml:40:13-70
183            android:authorities="com.example.ibeauty_app.FacebookInitProvider"
183-->[com.facebook.android:facebook-core:5.15.3] AndroidManifest.xml:41:13-72
184            android:exported="false" />
184-->[com.facebook.android:facebook-core:5.15.3] AndroidManifest.xml:42:13-37
185
186        <receiver
186-->[com.facebook.android:facebook-core:5.15.3] AndroidManifest.xml:44:9-50:20
187            android:name="com.facebook.CurrentAccessTokenExpirationBroadcastReceiver"
187-->[com.facebook.android:facebook-core:5.15.3] AndroidManifest.xml:45:13-86
188            android:exported="false" >
188-->[com.facebook.android:facebook-core:5.15.3] AndroidManifest.xml:46:13-37
189            <intent-filter>
189-->[com.facebook.android:facebook-core:5.15.3] AndroidManifest.xml:47:13-49:29
190                <action android:name="com.facebook.sdk.ACTION_CURRENT_ACCESS_TOKEN_CHANGED" />
190-->[com.facebook.android:facebook-core:5.15.3] AndroidManifest.xml:48:17-95
190-->[com.facebook.android:facebook-core:5.15.3] AndroidManifest.xml:48:25-92
191            </intent-filter>
192        </receiver>
193    </application>
194
195</manifest>